2021-08-12 20:53:04.799 [Critical] log.go:25 {Critical} gmoss server panic: goroutine 11299 [running]:
runtime/debug.Stack(0x0, 0x0, 0x0)
	/usr/local/go/src/runtime/debug/stack.go:24 +0xa5
git.dhgames.cn/svr_comm/gmoss/v2/server.(*TcpServer).handleMsg.func1(0xc000212550)
	/Users/liuwenkun/go/pkg/mod/git.dhgames.cn/svr_comm/gmoss/v2@v2.1.8/server/tcp_server.go:237 +0x6c
panic(0x1e9b580, 0xc00021f140)
	/usr/local/go/src/runtime/panic.go:971 +0x4c7
glogin/db.LoadOne(0x1ec2b20, 0xc000402990, 0x1e463a0, 0xc0002d4a80, 0xc0000371a1, 0xe, 0x211fa00, 0xc00021f140)
	/Users/liuwenkun/glogin/db/common.go:24 +0x385
glogin/handler/moss.Gmp.LoadAccountInfo(0xc0008189c0, 0xc0006b0730, 0x0, 0x0)
	/Users/liuwenkun/glogin/handler/moss/gmp.go:62 +0xe93
glogin/pbs/glogin._Gmp_LoadAccountInfo_Handler(0x1ec8ea0, 0x2708c90, 0x212fc88, 0xc0000361a8, 0xc00003c540, 0xa, 0x40, 0xc00082eaf0, 0x0, 0x0, ...)
	/Users/liuwenkun/glogin/pbs/glogin/glogin.pb.go:1760 +0x182
git.dhgames.cn/svr_comm/gmoss/v2/server.(*TcpServer).handleMsg(0xc000212550, 0xc00018f860, 0x0, 0x1, 0xc0006b8320, 0x1a, 0x0, 0x0, 0x0, 0x0, ...)
	/Users/liuwenkun/go/pkg/mod/git.dhgames.cn/svr_comm/gmoss/v2@v2.1.8/server/tcp_server.go:267 +0x4bc
git.dhgames.cn/svr_comm/gmoss/v2/server.readBuffStruct.func1()
	/Users/liuwenkun/go/pkg/mod/git.dhgames.cn/svr_comm/gmoss/v2@v2.1.8/server/tcp_server.go:135 +0xde
github.com/panjf2000/ants/v2.(*goWorker).run.func1(0xc000402600)
	/Users/liuwenkun/go/pkg/mod/github.com/panjf2000/ants/v2@v2.3.1/worker.go:69 +0xec
created by github.com/panjf2000/ants/v2.(*goWorker).run
	/Users/liuwenkun/go/pkg/mod/github.com/panjf2000/ants/v2@v2.3.1/worker.go:49 +0x57

2021-08-12 20:53:17.095 [Critical] log.go:25 {Critical} gmoss server panic: goroutine 11247 [running]:
runtime/debug.Stack(0x0, 0x0, 0x0)
	/usr/local/go/src/runtime/debug/stack.go:24 +0xa5
git.dhgames.cn/svr_comm/gmoss/v2/server.(*TcpServer).handleMsg.func1(0xc000212550)
	/Users/liuwenkun/go/pkg/mod/git.dhgames.cn/svr_comm/gmoss/v2@v2.1.8/server/tcp_server.go:237 +0x6c
panic(0x1e9b580, 0xc00021f140)
	/usr/local/go/src/runtime/panic.go:971 +0x4c7
glogin/db.LoadOne(0x1ec2b20, 0xc0006b49c0, 0x1e463a0, 0xc0005da3c0, 0xc0000371a1, 0xe, 0x211fa00, 0xc00021f140)
	/Users/liuwenkun/glogin/db/common.go:24 +0x385
glogin/handler/moss.Gmp.LoadAccountInfo(0xc000042de0, 0xc000a882d0, 0x0, 0x0)
	/Users/liuwenkun/glogin/handler/moss/gmp.go:62 +0xe93
glogin/pbs/glogin._Gmp_LoadAccountInfo_Handler(0x1ec8ea0, 0x2708c90, 0x212fc88, 0xc0000361a8, 0xc00050df40, 0xa, 0x40, 0xc0002ee6c0, 0x0, 0x0, ...)
	/Users/liuwenkun/glogin/pbs/glogin/glogin.pb.go:1760 +0x182
git.dhgames.cn/svr_comm/gmoss/v2/server.(*TcpServer).handleMsg(0xc000212550, 0xc00018f860, 0x0, 0x2, 0xc0002b6320, 0x1a, 0x0, 0x0, 0x0, 0x0, ...)
	/Users/liuwenkun/go/pkg/mod/git.dhgames.cn/svr_comm/gmoss/v2@v2.1.8/server/tcp_server.go:267 +0x4bc
git.dhgames.cn/svr_comm/gmoss/v2/server.readBuffStruct.func1()
	/Users/liuwenkun/go/pkg/mod/git.dhgames.cn/svr_comm/gmoss/v2@v2.1.8/server/tcp_server.go:135 +0xde
github.com/panjf2000/ants/v2.(*goWorker).run.func1(0xc0006b4780)
	/Users/liuwenkun/go/pkg/mod/github.com/panjf2000/ants/v2@v2.3.1/worker.go:69 +0xec
created by github.com/panjf2000/ants/v2.(*goWorker).run
	/Users/liuwenkun/go/pkg/mod/github.com/panjf2000/ants/v2@v2.3.1/worker.go:49 +0x57

